"12-20-2013 - 16:59:36 /> Desc: ERROR in module ActualizarClima -> Form: MainForm. ???? Este error suele deberse generalmente a problemas de coneccion a la base de datos climatica on-line. Intente mas tarde. /> Detalle:  Function_data: Site:Salta URL:http://www.weather.com/outlook/travel/businesstraveler/local/ARSA0079?from=search_city"
"12-20-2013 - 16:59:54 /> Desc: ERROR in module ActualizarClima -> Form: MainForm. ???? Este error suele deberse generalmente a problemas de coneccion a la base de datos climatica on-line. Intente mas tarde. /> Detalle:  Function_data: Site:Salta URL:http://www.weather.com/outlook/travel/businesstraveler/local/ARSA0079?from=search_city"
"12-20-2013 - 16:59:56 /> Desc: Cant access to digital audio sustem /> Detalle:  InitDevice Error"
"12-20-2013 - 17:00:17 /> Desc: ERROR in module ActualizarClima -> Form: MainForm. ???? Este error suele deberse generalmente a problemas de coneccion a la base de datos climatica on-line. Intente mas tarde. /> Detalle:  Function_data: Site:Salta URL:http://www.weather.com/outlook/travel/businesstraveler/local/ARSA0079?from=search_city"
"12-20-2013 - 17:00:18 /> Desc: ERROR in module ActualizarClima -> Form: MainForm. ???? Este error suele deberse generalmente a problemas de coneccion a la base de datos climatica on-line. Intente mas tarde. /> Detalle:  Function_data: Site:Salta URL:http://www.weather.com/outlook/travel/businesstraveler/local/ARSA0079?from=search_city"
"12-20-2013 - 17:00:20 /> Desc: Cant access to digital audio sustem /> Detalle:  InitDevice Error"
"12-20-2013 - 17:00:25 /> Desc: Cant load specific audio file /> Detalle:  Stream01Play error"
"12-20-2013 - 17:02:37 /> Desc: ERROR in module ActualizarClima -> Form: MainForm. ???? Este error suele deberse generalmente a problemas de coneccion a la base de datos climatica on-line. Intente mas tarde. /> Detalle:  Function_data: Site:Salta URL:http://www.weather.com/outlook/travel/businesstraveler/local/ARSA0079?from=search_city"
"12-20-2013 - 17:02:40 /> Desc: Cant access to digital audio sustem /> Detalle:  InitDevice Error"
"12-20-2013 - 17:02:43 /> Desc: Cant load specific audio file /> Detalle:  Stream01Play error"
"12-20-2013 - 17:03:47 /> Desc: ERROR in module ActualizarClima -> Form: MainForm. ???? Este error suele deberse generalmente a problemas de coneccion a la base de datos climatica on-line. Intente mas tarde. /> Detalle:  Function_data: Site:Salta URL:http://www.weather.com/outlook/travel/businesstraveler/local/ARSA0079?from=search_city"
"12-20-2013 - 17:04:38 /> Desc: Cant access to digital audio sustem /> Detalle:  InitDevice Error"
"12-20-2013 - 17:04:53 /> Desc: ERROR in module ActualizarClima -> Form: MainForm. ???? Este error suele deberse generalmente a problemas de coneccion a la base de datos climatica on-line. Intente mas tarde. /> Detalle:  Function_data: Site:Salta URL:http://www.weather.com/outlook/travel/businesstraveler/local/ARSA0079?from=search_city"
"12-20-2013 - 17:05:03 /> Desc: Cant load specific audio file /> Detalle:  Stream01Play error"
"12-20-2013 - 17:16:14 /> Desc: ERROR in module ActualizarClima -> Form: MainForm. ???? Este error suele deberse generalmente a problemas de coneccion a la base de datos climatica on-line. Intente mas tarde. /> Detalle:  Function_data: Site:Salta URL:http://www.weather.com/outlook/travel/businesstraveler/local/ARSA0079?from=search_city"
"12-20-2013 - 17:20:11 /> Desc: ERROR in module ActualizarClima -> Form: MainForm. ???? Este error suele deberse generalmente a problemas de coneccion a la base de datos climatica on-line. Intente mas tarde. /> Detalle:  Function_data: Site:Salta URL:http://www.weather.com/outlook/travel/businesstraveler/local/ARSA0079?from=search_city"
"12-20-2013 - 17:21:06 /> Desc: Cant load specific audio file /> Detalle:  Stream01Play error"
"12-20-2013 - 17:22:49 /> Desc: ERROR in module ActualizarClima -> Form: MainForm. ???? Este error suele deberse generalmente a problemas de coneccion a la base de datos climatica on-line. Intente mas tarde. /> Detalle:  Function_data: Site:Salta URL:http://www.weather.com/outlook/travel/businesstraveler/local/ARSA0079?from=search_city"
"12-20-2013 - 17:23:03 /> Desc: Cant load specific audio file /> Detalle:  Stream01Play error"
"12-20-2013 - 17:23:13 /> Desc: ERROR in module ActualizarClima -> Form: MainForm. ???? Este error suele deberse generalmente a problemas de coneccion a la base de datos climatica on-line. Intente mas tarde. /> Detalle:  Function_data: Site:Salta URL:http://www.weather.com/outlook/travel/businesstraveler/local/ARSA0079?from=search_city"
"12-20-2013 - 17:23:58 /> Desc: Cant load specific audio file /> Detalle:  Stream01Play error"
"12-21-2013 - 00:41:13 /> Desc: ERROR in module ActualizarClima -> Form: MainForm. ???? Este error suele deberse generalmente a problemas de coneccion a la base de datos climatica on-line. Intente mas tarde. /> Detalle:  Function_data: Site:Salta URL:http://www.weather.com/outlook/travel/businesstraveler/local/ARSA0079?from=search_city"
"12-21-2013 - 00:41:27 /> Desc: ERROR in module ActualizarClima -> Form: MainForm. ???? Este error suele deberse generalmente a problemas de coneccion a la base de datos climatica on-line. Intente mas tarde. /> Detalle:  Function_data: Site:Salta URL:http://www.weather.com/outlook/travel/businesstraveler/local/ARSA0079?from=search_city"
"12-21-2013 - 00:42:27 /> Desc: Cant load specific audio file /> Detalle:  Stream01Play error"
"12-21-2013 - 01:24:26 /> Desc: ERROR in module ActualizarClima -> Form: MainForm. ???? Este error suele deberse generalmente a problemas de coneccion a la base de datos climatica on-line. Intente mas tarde. /> Detalle:  Function_data: Site:Salta URL:http://www.weather.com/outlook/travel/businesstraveler/local/ARSA0079?from=search_city"
"12-21-2013 - 01:24:48 /> Desc: ERROR in module ActualizarClima -> Form: MainForm. ???? Este error suele deberse generalmente a problemas de coneccion a la base de datos climatica on-line. Intente mas tarde. /> Detalle:  Function_data: Site:Salta URL:http://www.weather.com/outlook/travel/businesstraveler/local/ARSA0079?from=search_city"
"12-21-2013 - 01:24:55 /> Desc: ERROR in module ActualizarClima -> Form: MainForm. ???? Este error suele deberse generalmente a problemas de coneccion a la base de datos climatica on-line. Intente mas tarde. /> Detalle:  Function_data: Site:Salta URL:http://www.weather.com/outlook/travel/businesstraveler/local/ARSA0079?from=search_city"
"12-21-2013 - 01:24:57 /> Desc: No se puede acceder al sistema de audio digital. /> Detalle:  InitDevice Error"
"12-21-2013 - 01:26:52 /> Desc: ERROR in module ActualizarClima -> Form: MainForm. ???? Este error suele deberse generalmente a problemas de coneccion a la base de datos climatica on-line. Intente mas tarde. /> Detalle:  Function_data: Site:Salta URL:http://www.weather.com/outlook/travel/businesstraveler/local/ARSA0079?from=search_city"
"12-21-2013 - 01:27:19 /> Desc: ERROR in module ActualizarClima -> Form: MainForm. ???? Este error suele deberse generalmente a problemas de coneccion a la base de datos climatica on-line. Intente mas tarde. /> Detalle:  Function_data: Site:Salta URL:http://www.weather.com/outlook/travel/businesstraveler/local/ARSA0079?from=search_city"
"12-21-2013 - 01:29:10 /> Desc: ERROR in module ActualizarClima -> Form: MainForm. ???? Este error suele deberse generalmente a problemas de coneccion a la base de datos climatica on-line. Intente mas tarde. /> Detalle:  Function_data: Site:Salta URL:http://www.weather.com/outlook/travel/businesstraveler/local/ARSA0079?from=search_city"
"12-21-2013 - 01:30:15 /> Desc: ERROR in module ActualizarClima -> Form: MainForm. ???? Este error suele deberse generalmente a problemas de coneccion a la base de datos climatica on-line. Intente mas tarde. /> Detalle:  Function_data: Site:Salta URL:http://www.weather.com/outlook/travel/businesstraveler/local/ARSA0079?from=search_city"
"12-21-2013 - 01:32:13 /> Desc: ERROR in module ActualizarClima -> Form: MainForm. ???? Este error suele deberse generalmente a problemas de coneccion a la base de datos climatica on-line. Intente mas tarde. /> Detalle:  Function_data: Site:Salta URL:http://www.weather.com/outlook/travel/businesstraveler/local/ARSA0079?from=search_city"
"12-21-2013 - 01:40:25 /> Desc: ERROR in module ActualizarClima -> Form: MainForm. ???? Este error suele deberse generalmente a problemas de coneccion a la base de datos climatica on-line. Intente mas tarde. /> Detalle:  Function_data: Site:Salta URL:http://www.weather.com/outlook/travel/businesstraveler/local/ARSA0079?from=search_city"
"12-21-2013 - 01:42:35 /> Desc: ERROR in module ActualizarClima -> Form: MainForm. ???? Este error suele deberse generalmente a problemas de coneccion a la base de datos climatica on-line. Intente mas tarde. /> Detalle:  Function_data: Site:Salta URL:http://www.weather.com/outlook/travel/businesstraveler/local/ARSA0079?from=search_city"
"12-21-2013 - 01:43:56 /> Desc: ERROR in module ActualizarClima -> Form: MainForm. ???? Este error suele deberse generalmente a problemas de coneccion a la base de datos climatica on-line. Intente mas tarde. /> Detalle:  Function_data: Site:Salta URL:http://www.weather.com/outlook/travel/businesstraveler/local/ARSA0079?from=search_city"
"12-21-2013 - 01:45:37 /> Desc: ERROR in module ActualizarClima -> Form: MainForm. ???? Este error suele deberse generalmente a problemas de coneccion a la base de datos climatica on-line. Intente mas tarde. /> Detalle:  Function_data: Site:Salta URL:http://www.weather.com/outlook/travel/businesstraveler/local/ARSA0079?from=search_city"
"06-18-2015 - 20:57:22 /> Desc: ERROR in module ActualizarClima -> Form: MainForm. ???? Este error suele deberse generalmente a problemas de coneccion a la base de datos climatica on-line. Intente mas tarde. /> Detalle:  Function_data: Site:Salta URL:http://www.weather.com/outlook/travel/businesstraveler/local/ARSA0079?from=search_city"
"06-18-2015 - 20:57:42 /> Desc: ERROR in module ActualizarClima -> Form: MainForm. ???? Este error suele deberse generalmente a problemas de coneccion a la base de datos climatica on-line. Intente mas tarde. /> Detalle:  Function_data: Site:Salta URL:http://www.weather.com/outlook/travel/businesstraveler/local/ARSA0079?from=search_city"
"06-18-2015 - 20:58:52 /> Desc: ERROR in module ActualizarClima -> Form: MainForm. ???? Este error suele deberse generalmente a problemas de coneccion a la base de datos climatica on-line. Intente mas tarde. /> Detalle:  Function_data: Site:Salta URL:http://www.weather.com/outlook/travel/businesstraveler/local/ARSA0079?from=search_city"
"06-18-2015 - 20:58:54 /> Desc: No se puede acceder al sistema de audio digital. /> Detalle:  InitDevice Error"
"06-18-2015 - 20:58:58 /> Desc: ERROR in module ActualizarClima -> Form: MainForm. ???? Este error suele deberse generalmente a problemas de coneccion a la base de datos climatica on-line. Intente mas tarde. /> Detalle:  Function_data: Site:Salta URL:http://www.weather.com/outlook/travel/businesstraveler/local/ARSA0079?from=search_city"
"02-24-2016 - 02:26:16 /> Desc: ERROR in module ActualizarClima -> Form: MainForm. ???? Este error suele deberse generalmente a problemas de coneccion a la base de datos climatica on-line. Intente mas tarde. /> Detalle:  Function_data: Site:Salta URL:http://www.weather.com/outlook/travel/businesstraveler/local/ARSA0079?from=search_city"
"02-24-2016 - 02:26:36 /> Desc: ERROR in module ActualizarClima -> Form: MainForm. ???? Este error suele deberse generalmente a problemas de coneccion a la base de datos climatica on-line. Intente mas tarde. /> Detalle:  Function_data: Site:Salta URL:http://www.weather.com/outlook/travel/businesstraveler/local/ARSA0079?from=search_city"
"02-24-2016 - 02:26:57 /> Desc: ERROR in module ActualizarClima -> Form: MainForm. ???? Este error suele deberse generalmente a problemas de coneccion a la base de datos climatica on-line. Intente mas tarde. /> Detalle:  Function_data: Site:Salta URL:http://www.weather.com/outlook/travel/businesstraveler/local/ARSA0079?from=search_city"
"02-24-2016 - 02:28:35 /> Desc: ERROR in module ActualizarClima -> Form: MainForm. ???? Este error suele deberse generalmente a problemas de coneccion a la base de datos climatica on-line. Intente mas tarde. /> Detalle:  Function_data: Site:Salta URL:http://www.weather.com/outlook/travel/businesstraveler/local/ARSA0079?from=search_city"
"02-24-2016 - 02:36:06 /> Desc: ERROR in module ActualizarClima -> Form: MainForm. ???? Este error suele deberse generalmente a problemas de coneccion a la base de datos climatica on-line. Intente mas tarde. /> Detalle:  Function_data: Site:Salta URL:http://www.weather.com/outlook/travel/businesstraveler/local/ARSA0079?from=search_city"
"02-24-2016 - 02:36:27 /> Desc: ERROR in module ActualizarClima -> Form: MainForm. ???? Este error suele deberse generalmente a problemas de coneccion a la base de datos climatica on-line. Intente mas tarde. /> Detalle:  Function_data: Site:Salta URL:http://www.weather.com/outlook/travel/businesstraveler/local/ARSA0079?from=search_city"
"02-24-2016 - 02:41:45 /> Desc: ERROR in module ActualizarClima -> Form: MainForm. ???? Este error suele deberse generalmente a problemas de coneccion a la base de datos climatica on-line. Intente mas tarde. /> Detalle:  Function_data: Site:Salta URL:http://www.weather.com/outlook/travel/businesstraveler/local/ARSA0079?from=search_city"
"02-24-2016 - 02:42:05 /> Desc: ERROR in module ActualizarClima -> Form: MainForm. ???? Este error suele deberse generalmente a problemas de coneccion a la base de datos climatica on-line. Intente mas tarde. /> Detalle:  Function_data: Site:Salta URL:http://www.weather.com/outlook/travel/businesstraveler/local/ARSA0079?from=search_city"
"02-24-2016 - 02:42:26 /> Desc: ERROR in module ActualizarClima -> Form: MainForm. ???? Este error suele deberse generalmente a problemas de coneccion a la base de datos climatica on-line. Intente mas tarde. /> Detalle:  Function_data: Site:Salta URL:http://www.weather.com/outlook/travel/businesstraveler/local/ARSA0079?from=search_city"
"02-24-2016 - 02:45:10 /> Desc: ERROR in module ActualizarClima -> Form: MainForm. ???? Este error suele deberse generalmente a problemas de coneccion a la base de datos climatica on-line. Intente mas tarde. /> Detalle:  Function_data: Site:Salta URL:http://www.weather.com/outlook/travel/businesstraveler/local/ARSA0079?from=search_city"
"02-24-2016 - 02:46:09 /> Desc: ERROR in module ActualizarClima -> Form: MainForm. ???? Este error suele deberse generalmente a problemas de coneccion a la base de datos climatica on-line. Intente mas tarde. /> Detalle:  Function_data: Site:Salta URL:http://www.weather.com/outlook/travel/businesstraveler/local/ARSA0079?from=search_city"
"02-24-2016 - 02:49:23 /> Desc: ERROR in module ActualizarClima -> Form: MainForm. ???? Este error suele deberse generalmente a problemas de coneccion a la base de datos climatica on-line. Intente mas tarde. /> Detalle:  Function_data: Site:Salta URL:http://www.weather.com/outlook/travel/businesstraveler/local/ARSA0079?from=search_city"
"02-24-2016 - 02:53:05 /> Desc: ERROR in module ActualizarClima -> Form: MainForm. ???? Este error suele deberse generalmente a problemas de coneccion a la base de datos climatica on-line. Intente mas tarde. /> Detalle:  Function_data: Site:Salta URL:http://www.weather.com/outlook/travel/businesstraveler/local/ARSA0079?from=search_city"
"02-24-2016 - 02:53:12 /> Desc: Error en SayHora > Module RMVoiceData -  /> Detalle:  Function_data: StrNum:1 Filename:D:\Codigos\Proyects\Radio Maker\Complementos\RMVoice\Data\H_Esp_Comp.Dat Pos: 2,9 EndPos:"
"02-24-2016 - 02:53:41 /> Desc: ERROR in module ActualizarClima -> Form: MainForm. ???? Este error suele deberse generalmente a problemas de coneccion a la base de datos climatica on-line. Intente mas tarde. /> Detalle:  Function_data: Site:Salta URL:http://www.weather.com/outlook/travel/businesstraveler/local/ARSA0079?from=search_city"
"02-24-2016 - 02:57:26 /> Desc: ERROR in module ActualizarClima -> Form: MainForm. ???? Este error suele deberse generalmente a problemas de coneccion a la base de datos climatica on-line. Intente mas tarde. /> Detalle:  Function_data: Site:Salta URL:http://www.weather.com/outlook/travel/businesstraveler/local/ARSA0079?from=search_city"
"02-24-2016 - 02:57:39 /> Desc: ERROR in module ActualizarClima -> Form: MainForm. ???? Este error suele deberse generalmente a problemas de coneccion a la base de datos climatica on-line. Intente mas tarde. /> Detalle:  Function_data: Site:Salta URL:http://www.weather.com/outlook/travel/businesstraveler/local/ARSA0079?from=search_city"
"02-25-2016 - 05:16:11 /> Desc: ERROR in module ActualizarClima -> Form: MainForm. ???? Este error suele deberse generalmente a problemas de coneccion a la base de datos climatica on-line. Intente mas tarde. /> Detalle:  Function_data: Site:Salta URL:http://www.weather.com/outlook/travel/businesstraveler/local/ARSA0079?from=search_city"
"02-25-2016 - 05:17:48 /> Desc: ERROR in module ActualizarClima -> Form: MainForm. ???? Este error suele deberse generalmente a problemas de coneccion a la base de datos climatica on-line. Intente mas tarde. /> Detalle:  Function_data: Site:Salta URL:http://www.weather.com/outlook/travel/businesstraveler/local/ARSA0079?from=search_city"
"02-25-2016 - 05:18:10 /> Desc: No se puede cargar el archivo de audio especificado. /> Detalle:  Stream01Load > Filename: D:\Codigos\Proyects\Radio Maker\Complementos\RMVoice\Data\H_Esp_Comp.Pak LastHandle: Stream FileMode: 131072 - 128"
"02-25-2016 - 05:19:40 /> Desc: ERROR in module ActualizarClima -> Form: MainForm. ???? Este error suele deberse generalmente a problemas de coneccion a la base de datos climatica on-line. Intente mas tarde. /> Detalle:  Function_data: Site:Salta URL:http://www.weather.com/outlook/travel/businesstraveler/local/ARSA0079?from=search_city"
"02-25-2016 - 05:20:29 /> Desc: ERROR in module ActualizarClima -> Form: MainForm. ???? Este error suele deberse generalmente a problemas de coneccion a la base de datos climatica on-line. Intente mas tarde. /> Detalle:  Function_data: Site:Salta URL:http://www.weather.com/outlook/travel/businesstraveler/local/ARSA0079?from=search_city"
"02-25-2016 - 05:20:49 /> Desc: ERROR in module ActualizarClima -> Form: MainForm. ???? Este error suele deberse generalmente a problemas de coneccion a la base de datos climatica on-line. Intente mas tarde. /> Detalle:  Function_data: Site:Salta URL:http://www.weather.com/outlook/travel/businesstraveler/local/ARSA0079?from=search_city"
"02-25-2016 - 05:21:09 /> Desc: ERROR in module ActualizarClima -> Form: MainForm. ???? Este error suele deberse generalmente a problemas de coneccion a la base de datos climatica on-line. Intente mas tarde. /> Detalle:  Function_data: Site:Salta URL:http://www.weather.com/outlook/travel/businesstraveler/local/ARSA0079?from=search_city"
"02-25-2016 - 05:21:22 /> Desc: ERROR in module ActualizarClima -> Form: MainForm. ???? Este error suele deberse generalmente a problemas de coneccion a la base de datos climatica on-line. Intente mas tarde. /> Detalle:  Function_data: Site:Salta URL:http://www.weather.com/outlook/travel/businesstraveler/local/ARSA0079?from=search_city"
"02-25-2016 - 05:21:24 /> Desc: No se puede acceder al sistema de audio digital. /> Detalle:  InitDevice Error"
"02-25-2016 - 05:21:29 /> Desc: ERROR in module ActualizarClima -> Form: MainForm. ???? Este error suele deberse generalmente a problemas de coneccion a la base de datos climatica on-line. Intente mas tarde. /> Detalle:  Function_data: Site:Salta URL:http://www.weather.com/outlook/travel/businesstraveler/local/ARSA0079?from=search_city"
"02-25-2016 - 05:21:44 /> Desc: ERROR in module ActualizarClima -> Form: MainForm. ???? Este error suele deberse generalmente a problemas de coneccion a la base de datos climatica on-line. Intente mas tarde. /> Detalle:  Function_data: Site:Salta URL:http://www.weather.com/outlook/travel/businesstraveler/local/ARSA0079?from=search_city"
"02-25-2016 - 05:21:46 /> Desc: No se puede acceder al sistema de audio digital. /> Detalle:  InitDevice Error"
"02-25-2016 - 05:21:49 /> Desc: ERROR in module ActualizarClima -> Form: MainForm. ???? Este error suele deberse generalmente a problemas de coneccion a la base de datos climatica on-line. Intente mas tarde. /> Detalle:  Function_data: Site:Salta URL:http://www.weather.com/outlook/travel/businesstraveler/local/ARSA0079?from=search_city"
"02-25-2016 - 05:22:02 /> Desc: ERROR in module ActualizarClima -> Form: MainForm. ???? Este error suele deberse generalmente a problemas de coneccion a la base de datos climatica on-line. Intente mas tarde. /> Detalle:  Function_data: Site:Salta URL:http://www.weather.com/outlook/travel/businesstraveler/local/ARSA0079?from=search_city"
"02-25-2016 - 05:22:06 /> Desc: No se puede acceder al sistema de audio digital. /> Detalle:  InitDevice Error"
"02-25-2016 - 05:22:09 /> Desc: ERROR in module ActualizarClima -> Form: MainForm. ???? Este error suele deberse generalmente a problemas de coneccion a la base de datos climatica on-line. Intente mas tarde. /> Detalle:  Function_data: Site:Salta URL:http://www.weather.com/outlook/travel/businesstraveler/local/ARSA0079?from=search_city"
"02-25-2016 - 05:22:33 /> Desc: ERROR in module ActualizarClima -> Form: MainForm. ???? Este error suele deberse generalmente a problemas de coneccion a la base de datos climatica on-line. Intente mas tarde. /> Detalle:  Function_data: Site:Salta URL:http://www.weather.com/outlook/travel/businesstraveler/local/ARSA0079?from=search_city"
"02-25-2016 - 05:26:32 /> Desc: ERROR in module ActualizarClima -> Form: MainForm. ???? Este error suele deberse generalmente a problemas de coneccion a la base de datos climatica on-line. Intente mas tarde. /> Detalle:  Function_data: Site:Salta URL:http://www.weather.com/outlook/travel/businesstraveler/local/ARSA0079?from=search_city"
"02-25-2016 - 05:36:25 /> Desc: ERROR in module ActualizarClima -> Form: MainForm. ???? Este error suele deberse generalmente a problemas de coneccion a la base de datos climatica on-line. Intente mas tarde. /> Detalle:  Function_data: Site:Salta URL:http://www.weather.com/outlook/travel/businesstraveler/local/ARSA0079?from=search_city"
"02-25-2016 - 05:37:05 /> Desc: ERROR in module ActualizarClima -> Form: MainForm. ???? Este error suele deberse generalmente a problemas de coneccion a la base de datos climatica on-line. Intente mas tarde. /> Detalle:  Function_data: Site:Salta URL:http://www.weather.com/outlook/travel/businesstraveler/local/ARSA0079?from=search_city"
"10-09-2022 - 18:05:30 /> Desc: ERROR in module ActualizarClima -> Form: MainForm. ???? Este error suele deberse generalmente a problemas de coneccion a la base de datos climatica on-line. Intente mas tarde. /> Detalle:  Function_data: Site:Salta URL:http://www.weather.com/outlook/travel/businesstraveler/local/ARSA0079?from=search_city"
"10-09-2022 - 18:05:56 /> Desc: No se puede cargar el archivo de audio especificado. /> Detalle:  Stream01Load > Filename: C:\Users\k\Google Drive\codigos\Radio Maker\Complementos\RMVoice\Data\H_Esp_Comp.Pak LastHandle: Stream FileMode: 131072 - 128"
"10-09-2022 - 18:06:06 /> Desc: ERROR in module ActualizarClima -> Form: MainForm. ???? Este error suele deberse generalmente a problemas de coneccion a la base de datos climatica on-line. Intente mas tarde. /> Detalle:  Function_data: Site:Salta URL:http://www.weather.com/outlook/travel/businesstraveler/local/ARSA0079?from=search_city"
"10-09-2022 - 18:06:47 /> Desc: ERROR in module ActualizarClima -> Form: MainForm. ???? Este error suele deberse generalmente a problemas de coneccion a la base de datos climatica on-line. Intente mas tarde. /> Detalle:  Function_data: Site:Salta URL:http://www.weather.com/outlook/travel/businesstraveler/local/ARSA0079?from=search_city"
"10-09-2022 - 18:07:04 /> Desc: ERROR in module ActualizarClima -> Form: MainForm. ???? Este error suele deberse generalmente a problemas de coneccion a la base de datos climatica on-line. Intente mas tarde. /> Detalle:  Function_data: Site:Salta URL:http://www.weather.com/outlook/travel/businesstraveler/local/ARSA0079?from=search_city"
"10-09-2022 - 18:07:06 /> Desc: No se puede acceder al sistema de audio digital. /> Detalle:  InitDevice Error"
"10-09-2022 - 18:07:07 /> Desc: ERROR in module ActualizarClima -> Form: MainForm. ???? Este error suele deberse generalmente a problemas de coneccion a la base de datos climatica on-line. Intente mas tarde. /> Detalle:  Function_data: Site:Salta URL:http://www.weather.com/outlook/travel/businesstraveler/local/ARSA0079?from=search_city"
"10-09-2022 - 18:07:13 /> Desc: ERROR in module ActualizarClima -> Form: MainForm. ???? Este error suele deberse generalmente a problemas de coneccion a la base de datos climatica on-line. Intente mas tarde. /> Detalle:  Function_data: Site:Salta URL:http://www.weather.com/outlook/travel/businesstraveler/local/ARSA0079?from=search_city"
"10-09-2022 - 18:07:19 /> Desc: No se puede cargar el archivo de audio especificado. /> Detalle:  Stream01Load > Filename: C:\Users\k\Google Drive\codigos\Radio Maker\Complementos\RMVoice\Data\H_Esp_Comp.Pak LastHandle: Stream FileMode: 131072 - 128"
"10-09-2022 - 18:07:38 /> Desc: ERROR in module ActualizarClima -> Form: MainForm. ???? Este error suele deberse generalmente a problemas de coneccion a la base de datos climatica on-line. Intente mas tarde. /> Detalle:  Function_data: Site:Salta URL:http://www.weather.com/outlook/travel/businesstraveler/local/ARSA0079?from=search_city"
"10-09-2022 - 18:07:39 /> Desc: No se puede acceder al sistema de audio digital. /> Detalle:  InitDevice Error"
"10-09-2022 - 18:09:26 /> Desc: ERROR in module ActualizarClima -> Form: MainForm. ???? Este error suele deberse generalmente a problemas de coneccion a la base de datos climatica on-line. Intente mas tarde. /> Detalle:  Function_data: Site:Salta URL:http://www.weather.com/outlook/travel/businesstraveler/local/ARSA0079?from=search_city"
"10-09-2022 - 18:10:07 /> Desc: ERROR in module ActualizarClima -> Form: MainForm. ???? Este error suele deberse generalmente a problemas de coneccion a la base de datos climatica on-line. Intente mas tarde. /> Detalle:  Function_data: Site:Salta URL:http://www.weather.com/outlook/travel/businesstraveler/local/ARSA0079?from=search_city"
"10-09-2022 - 18:10:10 /> Desc: ERROR in module ActualizarClima -> Form: MainForm. ???? Este error suele deberse generalmente a problemas de coneccion a la base de datos climatica on-line. Intente mas tarde. /> Detalle:  Function_data: Site:Salta URL:http://www.weather.com/outlook/travel/businesstraveler/local/ARSA0079?from=search_city"
"10-09-2022 - 18:10:12 /> Desc: No se puede acceder al sistema de audio digital. /> Detalle:  InitDevice Error"
"10-09-2022 - 18:10:17 /> Desc: ERROR in module ActualizarClima -> Form: MainForm. ???? Este error suele deberse generalmente a problemas de coneccion a la base de datos climatica on-line. Intente mas tarde. /> Detalle:  Function_data: Site:Salta URL:http://www.weather.com/outlook/travel/businesstraveler/local/ARSA0079?from=search_city"
"10-09-2022 - 18:11:15 /> Desc: ERROR in module ActualizarClima -> Form: MainForm. ???? Este error suele deberse generalmente a problemas de coneccion a la base de datos climatica on-line. Intente mas tarde. /> Detalle:  Function_data: Site:Salta URL:http://www.weather.com/outlook/travel/businesstraveler/local/ARSA0079?from=search_city"
"10-09-2022 - 18:11:50 /> Desc: ERROR in module ActualizarClima -> Form: MainForm. ???? Este error suele deberse generalmente a problemas de coneccion a la base de datos climatica on-line. Intente mas tarde. /> Detalle:  Function_data: Site:Salta URL:http://www.weather.com/outlook/travel/businesstraveler/local/ARSA0079?from=search_city"
"10-09-2022 - 18:12:12 /> Desc: ERROR in module ActualizarClima -> Form: MainForm. ???? Este error suele deberse generalmente a problemas de coneccion a la base de datos climatica on-line. Intente mas tarde. /> Detalle:  Function_data: Site:Salta URL:http://www.weather.com/outlook/travel/businesstraveler/local/ARSA0079?from=search_city"
"10-09-2022 - 18:12:33 /> Desc: ERROR in module ActualizarClima -> Form: MainForm. ???? Este error suele deberse generalmente a problemas de coneccion a la base de datos climatica on-line. Intente mas tarde. /> Detalle:  Function_data: Site:Salta URL:http://www.weather.com/outlook/travel/businesstraveler/local/ARSA0079?from=search_city"
"10-09-2022 - 18:12:55 /> Desc: ERROR in module ActualizarClima -> Form: MainForm. ???? Este error suele deberse generalmente a problemas de coneccion a la base de datos climatica on-line. Intente mas tarde. /> Detalle:  Function_data: Site:Salta URL:http://www.weather.com/outlook/travel/businesstraveler/local/ARSA0079?from=search_city"
"10-09-2022 - 18:13:16 /> Desc: ERROR in module ActualizarClima -> Form: MainForm. ???? Este error suele deberse generalmente a problemas de coneccion a la base de datos climatica on-line. Intente mas tarde. /> Detalle:  Function_data: Site:Salta URL:http://www.weather.com/outlook/travel/businesstraveler/local/ARSA0079?from=search_city"
"10-09-2022 - 18:13:41 /> Desc: ERROR in module ActualizarClima -> Form: MainForm. ???? Este error suele deberse generalmente a problemas de coneccion a la base de datos climatica on-line. Intente mas tarde. /> Detalle:  Function_data: Site:Salta URL:http://www.weather.com/outlook/travel/businesstraveler/local/ARSA0079?from=search_city"
"10-09-2022 - 18:14:03 /> Desc: ERROR in module ActualizarClima -> Form: MainForm. ???? Este error suele deberse generalmente a problemas de coneccion a la base de datos climatica on-line. Intente mas tarde. /> Detalle:  Function_data: Site:Salta URL:http://www.weather.com/outlook/travel/businesstraveler/local/ARSA0079?from=search_city"
"10-09-2022 - 18:14:45 /> Desc: ERROR in module ActualizarClima -> Form: MainForm. ???? Este error suele deberse generalmente a problemas de coneccion a la base de datos climatica on-line. Intente mas tarde. /> Detalle:  Function_data: Site:Salta URL:http://www.weather.com/outlook/travel/businesstraveler/local/ARSA0079?from=search_city"
"10-09-2022 - 18:15:50 /> Desc: ERROR in module ActualizarClima -> Form: MainForm. ???? Este error suele deberse generalmente a problemas de coneccion a la base de datos climatica on-line. Intente mas tarde. /> Detalle:  Function_data: Site:Salta URL:http://www.weather.com/outlook/travel/businesstraveler/local/ARSA0079?from=search_city"
"10-09-2022 - 18:19:29 /> Desc: ERROR in module ActualizarClima -> Form: MainForm. ???? Este error suele deberse generalmente a problemas de coneccion a la base de datos climatica on-line. Intente mas tarde. /> Detalle:  Function_data: Site:Salta URL:http://www.weather.com/outlook/travel/businesstraveler/local/ARSA0079?from=search_city"
"10-09-2022 - 18:21:21 /> Desc: ERROR in module ActualizarClima -> Form: MainForm. ???? Este error suele deberse generalmente a problemas de coneccion a la base de datos climatica on-line. Intente mas tarde. /> Detalle:  Function_data: Site:Salta URL:http://www.weather.com/outlook/travel/businesstraveler/local/ARSA0079?from=search_city"
"10-09-2022 - 18:23:05 /> Desc: ERROR in module ActualizarClima -> Form: MainForm. ???? Este error suele deberse generalmente a problemas de coneccion a la base de datos climatica on-line. Intente mas tarde. /> Detalle:  Function_data: Site:Salta URL:http://www.weather.com/outlook/travel/businesstraveler/local/ARSA0079?from=search_city"
"10-09-2022 - 18:23:05 /> Desc: ERROR in module ActualizarClima -> Form: MainForm. ???? Este error suele deberse generalmente a problemas de coneccion a la base de datos climatica on-line. Intente mas tarde. /> Detalle:  Function_data: Site:Salta URL:http://www.weather.com/outlook/travel/businesstraveler/local/ARSA0079?from=search_city"
"10-09-2022 - 18:23:58 /> Desc: ERROR in module ActualizarClima -> Form: MainForm. ???? Este error suele deberse generalmente a problemas de coneccion a la base de datos climatica on-line. Intente mas tarde. /> Detalle:  Function_data: Site:Salta URL:http://www.weather.com/outlook/travel/businesstraveler/local/ARSA0079?from=search_city"
"10-09-2022 - 18:24:14 /> Desc: No se puede cargar el archivo de audio especificado. /> Detalle:  Stream01Play error"
"10-09-2022 - 18:24:44 /> Desc: ERROR in module ActualizarClima -> Form: MainForm. ???? Este error suele deberse generalmente a problemas de coneccion a la base de datos climatica on-line. Intente mas tarde. /> Detalle:  Function_data: Site:Salta URL:http://www.weather.com/outlook/travel/businesstraveler/local/ARSA0079?from=search_city"
"10-09-2022 - 18:24:48 /> Desc: No se puede cargar el archivo de audio especificado. /> Detalle:  Stream01Play error"
"10-09-2022 - 18:25:00 /> Desc: ERROR in module ActualizarClima -> Form: MainForm. ???? Este error suele deberse generalmente a problemas de coneccion a la base de datos climatica on-line. Intente mas tarde. /> Detalle:  Function_data: Site:Salta URL:http://www.weather.com/outlook/travel/businesstraveler/local/ARSA0079?from=search_city"
"10-09-2022 - 18:29:55 /> Desc: ERROR in module ActualizarClima -> Form: MainForm. ???? Este error suele deberse generalmente a problemas de coneccion a la base de datos climatica on-line. Intente mas tarde. /> Detalle:  Function_data: Site:Salta URL:http://www.weather.com/outlook/travel/businesstraveler/local/ARSA0079?from=search_city"
"10-09-2022 - 18:30:04 /> Desc: No se puede cargar el archivo de audio especificado. /> Detalle:  Stream01Play error"
"10-09-2022 - 18:36:55 /> Desc: ERROR in module ActualizarClima -> Form: MainForm. ???? Este error suele deberse generalmente a problemas de coneccion a la base de datos climatica on-line. Intente mas tarde. /> Detalle:  Function_data: Site:Salta URL:http://www.weather.com/outlook/travel/businesstraveler/local/ARSA0079?from=search_city"
"10-09-2022 - 18:36:59 /> Desc: No se puede cargar el archivo de audio especificado. /> Detalle:  Stream01Play error"
"10-09-2022 - 18:37:01 /> Desc: No se puede cargar el archivo de audio especificado. /> Detalle:  Stream01Play error"
